(0.003) SELECT "projects_bugreport"."bug_id", "projects_bugreport"."time_stamp", "projects_bugreport"."description", "projects_bugreport"."user_id_id" FROM "projects_bugreport" LIMIT 21; args=(); alias=default
(0.001) 
            SELECT name, type FROM sqlite_master
            WHERE type in ('table', 'view') AND NOT name='sqlite_sequence'
            ORDER BY name; args=None; alias=default
(0.001) SELECT "django_migrations"."id", "django_migrations"."app", "django_migrations"."name", "django_migrations"."applied" FROM "django_migrations"; args=(); alias=default
(0.001) SELECT "users_customaccount"."password", "users_customaccount"."last_login", "users_customaccount"."is_superuser", "users_customaccount"."id", "users_customaccount"."profile_image", "users_customaccount"."about", "users_customaccount"."profession", "users_customaccount"."email", "users_customaccount"."first_name", "users_customaccount"."last_name", "users_customaccount"."start_date", "users_customaccount"."is_staff", "users_customaccount"."is_active" FROM "users_customaccount" WHERE "users_customaccount"."email" = 'kw@gmail.com' LIMIT 21; args=('kw@gmail.com',); alias=default
(0.000) SELECT 1 AS "a" FROM "django_session" WHERE "django_session"."session_key" = '3bakjjousiosakkxtknw14ccim62nzyw' LIMIT 1; args=(1, '3bakjjousiosakkxtknw14ccim62nzyw'); alias=default
(0.000) BEGIN; args=None; alias=default
(0.000) INSERT INTO "django_session" ("session_key", "session_data", "expire_date") VALUES ('3bakjjousiosakkxtknw14ccim62nzyw', 'e30:1r8sxn:4iAgcyPGRlu4tTV8KubRI56YaClYUr7Klj4XDA2Fa1g', '2023-12-15 02:09:07.804625'); args=('3bakjjousiosakkxtknw14ccim62nzyw', 'e30:1r8sxn:4iAgcyPGRlu4tTV8KubRI56YaClYUr7Klj4XDA2Fa1g', '2023-12-15 02:09:07.804625'); alias=default
(0.006) COMMIT; args=None; alias=default
(0.005) UPDATE "users_customaccount" SET "last_login" = '2023-12-01 02:09:07.815559' WHERE "users_customaccount"."id" = 'd21186d2115d46d2915eb745c70bbe70'; args=('2023-12-01 02:09:07.815559', 'd21186d2115d46d2915eb745c70bbe70'); alias=default
(0.000) BEGIN; args=None; alias=default
(0.000) UPDATE "django_session" SET "session_data" = '.eJxVjDkOwjAQRe_imkQeJ-OFkp4zRJ7FhEWJlKVC3B2CUkD3pffef5our0vfrbNO3VXM0YgDiF5cBYBStdtKgFpRaJGDJdJgzeE3o8x3Hb7tLQ-XseZxWKYr1ZtS73Suz6Po47S7fwd9nvtP3YBHJ0VtIKRoyXPkHMGDeIHSsKC1KXD0mWJwiRXRt7nY4hNkRTavN6bPQN8:1r8sxn:60nVVbd2CoF1BrjNJOe_D7PjCrkZ7-O_PmYCFYO8P0o', "expire_date" = '2023-12-15 02:09:07.826878' WHERE "django_session"."session_key" = '3bakjjousiosakkxtknw14ccim62nzyw'; args=('.eJxVjDkOwjAQRe_imkQeJ-OFkp4zRJ7FhEWJlKVC3B2CUkD3pffef5our0vfrbNO3VXM0YgDiF5cBYBStdtKgFpRaJGDJdJgzeE3o8x3Hb7tLQ-XseZxWKYr1ZtS73Suz6Po47S7fwd9nvtP3YBHJ0VtIKRoyXPkHMGDeIHSsKC1KXD0mWJwiRXRt7nY4hNkRTavN6bPQN8:1r8sxn:60nVVbd2CoF1BrjNJOe_D7PjCrkZ7-O_PmYCFYO8P0o', '2023-12-15 02:09:07.826878', '3bakjjousiosakkxtknw14ccim62nzyw'); alias=default
(0.004) COMMIT; args=None; alias=default
(0.001) SELECT "django_session"."session_key", "django_session"."session_data", "django_session"."expire_date" FROM "django_session" WHERE ("django_session"."expire_date" > '2023-12-01 02:09:07.848515' AND "django_session"."session_key" = '3bakjjousiosakkxtknw14ccim62nzyw') LIMIT 21; args=('2023-12-01 02:09:07.848515', '3bakjjousiosakkxtknw14ccim62nzyw'); alias=default
(0.000) SELECT "users_customaccount"."password", "users_customaccount"."last_login", "users_customaccount"."is_superuser", "users_customaccount"."id", "users_customaccount"."profile_image", "users_customaccount"."about", "users_customaccount"."profession", "users_customaccount"."email", "users_customaccount"."first_name", "users_customaccount"."last_name", "users_customaccount"."start_date", "users_customaccount"."is_staff", "users_customaccount"."is_active" FROM "users_customaccount" WHERE "users_customaccount"."id" = 'd21186d2115d46d2915eb745c70bbe70' LIMIT 21; args=('d21186d2115d46d2915eb745c70bbe70',); alias=default
(0.000) SELECT "django_admin_log"."id", "django_admin_log"."action_time", "django_admin_log"."user_id", "django_admin_log"."content_type_id", "django_admin_log"."object_id", "django_admin_log"."object_repr", "django_admin_log"."action_flag", "django_admin_log"."change_message", "users_customaccount"."password", "users_customaccount"."last_login", "users_customaccount"."is_superuser", "users_customaccount"."id", "users_customaccount"."profile_image", "users_customaccount"."about", "users_customaccount"."profession", "users_customaccount"."email", "users_customaccount"."first_name", "users_customaccount"."last_name", "users_customaccount"."start_date", "users_customaccount"."is_staff", "users_customaccount"."is_active", "django_content_type"."id", "django_content_type"."app_label", "django_content_type"."model" FROM "django_admin_log" INNER JOIN "users_customaccount" ON ("django_admin_log"."user_id" = "users_customaccount"."id") LEFT OUTER JOIN "django_content_type" ON ("django_admin_log"."content_type_id" = "django_content_type"."id") WHERE "django_admin_log"."user_id" = 'd21186d2115d46d2915eb745c70bbe70' ORDER BY "django_admin_log"."action_time" DESC LIMIT 10; args=('d21186d2115d46d2915eb745c70bbe70',); alias=default
(0.000) SELECT "django_session"."session_key", "django_session"."session_data", "django_session"."expire_date" FROM "django_session" WHERE ("django_session"."expire_date" > '2023-12-01 02:09:25.686820' AND "django_session"."session_key" = '3bakjjousiosakkxtknw14ccim62nzyw') LIMIT 21; args=('2023-12-01 02:09:25.686820', '3bakjjousiosakkxtknw14ccim62nzyw'); alias=default
(0.000) SELECT "users_customaccount"."password", "users_customaccount"."last_login", "users_customaccount"."is_superuser", "users_customaccount"."id", "users_customaccount"."profile_image", "users_customaccount"."about", "users_customaccount"."profession", "users_customaccount"."email", "users_customaccount"."first_name", "users_customaccount"."last_name", "users_customaccount"."start_date", "users_customaccount"."is_staff", "users_customaccount"."is_active" FROM "users_customaccount" WHERE "users_customaccount"."id" = 'd21186d2115d46d2915eb745c70bbe70' LIMIT 21; args=('d21186d2115d46d2915eb745c70bbe70',); alias=default
(0.000) BEGIN; args=None; alias=default
(0.000) SAVEPOINT "s140020558067264_x1"; args=None; alias=default
(0.000) SELECT "django_content_type"."id", "django_content_type"."app_label", "django_content_type"."model" FROM "django_content_type" WHERE ("django_content_type"."app_label" = 'users' AND "django_content_type"."model" = 'customuser') LIMIT 21; args=('users', 'customuser'); alias=default
(0.000) RELEASE SAVEPOINT "s140020558067264_x1"; args=None; alias=default
(0.000) COMMIT; args=None; alias=default
(0.001) SELECT "django_session"."session_key", "django_session"."session_data", "django_session"."expire_date" FROM "django_session" WHERE ("django_session"."expire_date" > '2023-12-01 02:09:25.809588' AND "django_session"."session_key" = '3bakjjousiosakkxtknw14ccim62nzyw') LIMIT 21; args=('2023-12-01 02:09:25.809588', '3bakjjousiosakkxtknw14ccim62nzyw'); alias=default
(0.000) SELECT "users_customaccount"."password", "users_customaccount"."last_login", "users_customaccount"."is_superuser", "users_customaccount"."id", "users_customaccount"."profile_image", "users_customaccount"."about", "users_customaccount"."profession", "users_customaccount"."email", "users_customaccount"."first_name", "users_customaccount"."last_name", "users_customaccount"."start_date", "users_customaccount"."is_staff", "users_customaccount"."is_active" FROM "users_customaccount" WHERE "users_customaccount"."id" = 'd21186d2115d46d2915eb745c70bbe70' LIMIT 21; args=('d21186d2115d46d2915eb745c70bbe70',); alias=default
(0.001) SELECT "django_session"."session_key", "django_session"."session_data", "django_session"."expire_date" FROM "django_session" WHERE ("django_session"."expire_date" > '2023-12-01 02:09:43.021253' AND "django_session"."session_key" = '3bakjjousiosakkxtknw14ccim62nzyw') LIMIT 21; args=('2023-12-01 02:09:43.021253', '3bakjjousiosakkxtknw14ccim62nzyw'); alias=default
(0.000) SELECT "users_customaccount"."password", "users_customaccount"."last_login", "users_customaccount"."is_superuser", "users_customaccount"."id", "users_customaccount"."profile_image", "users_customaccount"."about", "users_customaccount"."profession", "users_customaccount"."email", "users_customaccount"."first_name", "users_customaccount"."last_name", "users_customaccount"."start_date", "users_customaccount"."is_staff", "users_customaccount"."is_active" FROM "users_customaccount" WHERE "users_customaccount"."id" = 'd21186d2115d46d2915eb745c70bbe70' LIMIT 21; args=('d21186d2115d46d2915eb745c70bbe70',); alias=default
(0.000) BEGIN; args=None; alias=default
(0.000) SAVEPOINT "s140020558067264_x1"; args=None; alias=default
(0.000) SELECT 1 AS "a" FROM "users_customaccount" WHERE "users_customaccount"."email" = 'wk@gmail.com' LIMIT 1; args=(1, 'wk@gmail.com'); alias=default
(0.000) INSERT INTO "users_owner" ("id") VALUES ('d83027ce0a554daabac715bac413cd0f'); args=('d83027ce0a554daabac715bac413cd0f',); alias=default
(0.000) INSERT INTO "users_owner" ("id") VALUES ('d83027ce0a554daabac715bac413cd0f'); args=('d83027ce0a554daabac715bac413cd0f',); alias=default
(0.000) ROLLBACK TO SAVEPOINT "s140020558067264_x1"; args=None; alias=default
(0.000) RELEASE SAVEPOINT "s140020558067264_x1"; args=None; alias=default
(0.000) ROLLBACK; args=None; alias=default
(0.000) SELECT "users_owner"."id" FROM "users_owner" LIMIT 21; args=(); alias=default
(0.000) SELECT "users_owner"."id" FROM "users_owner" LIMIT 21; args=(); alias=default
(0.001) 
            SELECT name, type FROM sqlite_master
            WHERE type in ('table', 'view') AND NOT name='sqlite_sequence'
            ORDER BY name; args=None; alias=default
(0.000) SELECT "django_migrations"."id", "django_migrations"."app", "django_migrations"."name", "django_migrations"."applied" FROM "django_migrations"; args=(); alias=default
